 Start building sites … 
hugo v0.86.0 linux/amd64 BuildDate=2021-07-26T20:31:01Z
WARN 2021/08/23 13:31:39 Content directory "content" have both index.* and _index.* files, pick one.

                   | ZH-CN  
-------------------+--------
  Pages            |  1140  
  Paginator pages  |   108  
  Non-page files   |   168  
  Static files     |   142  
  Processed images |     0  
  Aliases          |   296  
  Sitemaps         |     1  
  Cleaned          |     0  

Total in 8872 ms
Start building sites … 
hugo v0.86.0 linux/amd64 BuildDate=2021-07-26T20:31:01Z
WARN 2021/08/28 14:03:25 Content directory "content" have both index.* and _index.* files, pick one.

                   | ZH-CN  
-------------------+--------
  Pages            |  1140  
  Paginator pages  |   108  
  Non-page files   |   168  
  Static files     |   142  
  Processed images |     0  
  Aliases          |   296  
  Sitemaps         |     1  
  Cleaned          |     0  

Total in 10425 ms
Start building sites … 
hugo v0.86.0 linux/amd64 BuildDate=2021-07-26T20:31:01Z
WARN 2021/08/28 14:05:00 Content directory "content" have both index.* and _index.* files, pick one.

                   | ZH-CN  
-------------------+--------
  Pages            |  1158  
  Paginator pages  |   111  
  Non-page files   |   168  
  Static files     |   142  
  Processed images |     0  
  Aliases          |   299  
  Sitemaps         |     1  
  Cleaned          |     0  

Total in 8948 ms
Start building sites … 
hugo v0.86.0 linux/amd64 BuildDate=2021-07-26T20:31:01Z
WARN 2021/09/05 10:21:24 Content directory "content" have both index.* and _index.* files, pick one.

                   | ZH-CN  
-------------------+--------
  Pages            |  1158  
  Paginator pages  |   111  
  Non-page files   |   168  
  Static files     |   142  
  Processed images |     0  
  Aliases          |   299  
  Sitemaps         |     1  
  Cleaned          |     0  

Total in 10865 ms
Start building sites … 
hugo v0.86.0 linux/amd64 BuildDate=2021-07-26T20:31:01Z
WARN 2021/09/05 10:23:05 Content directory "content" have both index.* and _index.* files, pick one.

                   | ZH-CN  
-------------------+--------
  Pages            |  1181  
  Paginator pages  |   113  
  Non-page files   |   168  
  Static files     |   142  
  Processed images |     0  
  Aliases          |   304  
  Sitemaps         |     1  
  Cleaned          |     0  

Total in 13907 ms
Start building sites … 
hugo v0.86.0 linux/amd64 BuildDate=2021-07-26T20:31:01Z
WARN 2021/09/05 10:26:51 Content directory "content" have both index.* and _index.* files, pick one.

                   | ZH-CN  
-------------------+--------
  Pages            |  1204  
  Paginator pages  |   115  
  Non-page files   |   168  
  Static files     |   142  
  Processed images |     0  
  Aliases          |   311  
  Sitemaps         |     1  
  Cleaned          |     0  

Total in 8089 ms
Start building sites … 
hugo v0.86.0 linux/amd64 BuildDate=2021-07-26T20:31:01Z
WARN 2021/09/05 21:50:45 Content directory "content" have both index.* and _index.* files, pick one.

                   | ZH-CN  
-------------------+--------
  Pages            |  1222  
  Paginator pages  |   117  
  Non-page files   |   168  
  Static files     |   142  
  Processed images |     0  
  Aliases          |   316  
  Sitemaps         |     1  
  Cleaned          |     0  

Total in 8514 ms
